<?xml version="1.0" encoding="UTF-8"?>
<!-- Generated by org.testng.reporters.JUnitXMLReporter -->
<testsuite ignored="0" hostname="DESKTOP-O36L055" failures="0" tests="6" name="ParaBankTests" time="98.54" errors="0" timestamp="2026-05-23T13:49:19 IST">
  <testcase classname="tests.LoginTest" name="loginTest" time="1.666"/>
  <testcase classname="tests.RegistrationTest" name="registrationTest" time="2.543"/>
  <testcase classname="tests.TransferFundsTest" name="transferTest" time="3.609"/>
  <testcase classname="tests.BillPayTest" name="billPayTest" time="4.984"/>
  <testcase classname="tests.UpdateContactTest" name="updateTest" time="3.754"/>
  <testcase classname="tests.LogoutTest" name="logoutTest" time="9.364"/>
</testsuite> <!-- ParaBankTests -->
