<?xml version="1.0" encoding="UTF-8"?>
<testng-results ignored="0" total="1" passed="1" failed="0" skipped="0">
  <reporter-output>
  </reporter-output>
  <suite started-at="2026-05-23T22:34:13 IST" name="Default suite" finished-at="2026-05-23T22:34:30 IST" duration-ms="17179">
    <groups>
    </groups>
    <test started-at="2026-05-23T22:34:13 IST" name="Default test" finished-at="2026-05-23T22:34:30 IST" duration-ms="17179">
      <class name="tests.RegistrationTest">
        <test-method is-config="true" signature="setup()[pri:0, instance:tests.RegistrationTest@7c7a06ec]" started-at="2026-05-23T22:34:13 IST" name="setup" finished-at="2026-05-23T22:34:26 IST" duration-ms="12942" status="PASS">
          <reporter-output>
          </reporter-output>
        </test-method> <!-- setup -->
        <test-method signature="registrationTest()[pri:0, instance:tests.RegistrationTest@7c7a06ec]" started-at="2026-05-23T22:34:26 IST" name="registrationTest" finished-at="2026-05-23T22:34:29 IST" duration-ms="3649" status="PASS">
          <reporter-output>
          </reporter-output>
        </test-method> <!-- registrationTest -->
        <test-method is-config="true" signature="closeBrowser()[pri:0, instance:tests.RegistrationTest@7c7a06ec]" started-at="2026-05-23T22:34:29 IST" name="closeBrowser" finished-at="2026-05-23T22:34:30 IST" duration-ms="485" status="PASS">
          <reporter-output>
          </reporter-output>
        </test-method> <!-- closeBrowser -->
      </class> <!-- tests.RegistrationTest -->
    </test> <!-- Default test -->
  </suite> <!-- Default suite -->
</testng-results>
