<?xml version="1.0" encoding="UTF-8"?>
<!-- Generated by org.testng.reporters.JUnitXMLReporter -->
<testsuite ignored="0" hostname="DESKTOP-O36L055" failures="0" tests="6" name="ParaBank Tests" time="94.063" errors="0" timestamp="2026-05-23T12:58:16 IST">
  <testcase classname="tests.LoginTest" name="loginTest" time="2.019"/>
  <testcase classname="tests.RegistrationTest" name="registrationTest" time="2.958"/>
  <testcase classname="tests.TransferFundsTest" name="transferTest" time="2.696"/>
  <testcase classname="tests.BillPayTest" name="billPayTest" time="3.488"/>
  <testcase classname="tests.UpdateContactTest" name="updateTest" time="3.251"/>
  <testcase classname="tests.LogoutTest" name="logoutTest" time="3.083"/>
</testsuite> <!-- ParaBank Tests -->
